[debug] [2021-01-29T09:57:33.773Z] ----------------------------------------------------------------------
[debug] [2021-01-29T09:57:33.775Z] Command:       C:\Program Files\nodejs\node.exe C:\Users\ASUS\AppData\Roaming\npm\node_modules\firebase-tools\lib\bin\firebase.js init
[debug] [2021-01-29T09:57:33.776Z] CLI Version:   9.2.2
[debug] [2021-01-29T09:57:33.776Z] Platform:      win32
[debug] [2021-01-29T09:57:33.776Z] Node Version:  v15.5.1
[debug] [2021-01-29T09:57:33.777Z] Time:          Fri Jan 29 2021 16:57:33 GMT+0700 (Giờ Đông Dương)
[debug] [2021-01-29T09:57:33.777Z] ----------------------------------------------------------------------
[debug] [2021-01-29T09:57:33.777Z] 
[debug] [2021-01-29T09:57:33.782Z] > command requires scopes: ["email","openid","https://www.googleapis.com/auth/cloudplatformprojects.readonly","https://www.googleapis.com/auth/firebase","https://www.googleapis.com/auth/cloud-platform"]
[debug] [2021-01-29T09:57:33.783Z] > authorizing via signed-in user
[info] 
     ######## #### ########  ######## ########     ###     ######  ########
     ##        ##  ##     ## ##       ##     ##  ##   ##  ##       ##
     ######    ##  ########  ######   ########  #########  ######  ######
     ##        ##  ##    ##  ##       ##     ## ##     ##       ## ##
     ##       #### ##     ## ######## ########  ##     ##  ######  ########

You're about to initialize a Firebase project in this directory:

  C:\Users\ASUS\just-buy-it

[info] 
=== Project Setup
[info] 
[info] First, let's associate this project directory with a Firebase project.
[info] You can create multiple project aliases by running firebase use --add, 
[info] but for now we'll just set up a default project.
[info] 
[debug] [2021-01-29T09:57:40.364Z] > refreshing access token with scopes: []
[debug] [2021-01-29T09:57:40.364Z] >>> HTTP REQUEST POST https://www.googleapis.com/oauth2/v3/token  
 <request body omitted>
[debug] [2021-01-29T09:57:40.633Z] <<< HTTP RESPONSE 200 {"date":"Fri, 29 Jan 2021 09:57:40 GMT","expires":"Mon, 01 Jan 1990 00:00:00 GMT","pragma":"no-cache","cache-control":"no-cache, no-store, max-age=0, must-revalidate","content-type":"application/json; charset=utf-8","vary":"X-Origin, Referer, Origin,Accept-Encoding","server":"scaffolding on HTTPServer2","x-xss-protection":"0","x-frame-options":"SAMEORIGIN","x-content-type-options":"nosniff","alt-svc":"h3-29=\":443\"; ma=2592000,h3-T051=\":443\"; ma=2592000,h3-Q050=\":443\"; ma=2592000,h3-Q046=\":443\"; ma=2592000,h3-Q043=\":443\"; ma=2592000,quic=\":443\"; ma=2592000; v=\"46,43\"","accept-ranges":"none","transfer-encoding":"chunked"}
[debug] [2021-01-29T09:57:40.658Z] >>> [apiv2][query] GET https://firebase.googleapis.com/v1beta1/projects pageSize=100
[debug] [2021-01-29T09:57:41.453Z] <<< [apiv2][status] GET https://firebase.googleapis.com/v1beta1/projects 200
[debug] [2021-01-29T09:57:41.453Z] <<< [apiv2][body] GET https://firebase.googleapis.com/v1beta1/projects [omitted]
[info] i  Using project justbuyit-1901 (JustBuyIt) 
[info] 
=== Hosting Setup
[info] 
[info] Your public directory is the folder (relative to your project directory) that
[info] will contain Hosting assets to be uploaded with firebase deploy. If you
[info] have a build process for your assets, use your build's output directory.
[info] 
[debug] [2021-01-29T09:58:06.264Z] >>> [apiv2][query] GET https://www.gstatic.com/firebasejs/releases.json [none]
[debug] [2021-01-29T09:58:06.427Z] <<< [apiv2][status] GET https://www.gstatic.com/firebasejs/releases.json 200
[debug] [2021-01-29T09:58:06.427Z] <<< [apiv2][body] GET https://www.gstatic.com/firebasejs/releases.json {"current":{"version":"8.2.4","browserURL":"https://www.gstatic.com/firebasejs/8.2.4/firebase.js","packageURL":"https://www.gstatic.com/firebasejs/8.2.4/firebase.tgz"},"live":{"version":"8.2","browserURL":"https://www.gstatic.com/firebasejs/live/8.2/firebase.js","packageURL":"https://www.gstatic.com/firebasejs/live/8.2/firebase.tgz"},"components":{"analytics":"https://www.gstatic.com/firebasejs/8.2.4/firebase-analytics.js","app":"https://www.gstatic.com/firebasejs/8.2.4/firebase-app.js","auth":"https://www.gstatic.com/firebasejs/8.2.4/firebase-auth.js","database":"https://www.gstatic.com/firebasejs/8.2.4/firebase-database.js","firestore":"https://www.gstatic.com/firebasejs/8.2.4/firebase-firestore.js","functions":"https://www.gstatic.com/firebasejs/8.2.4/firebase-functions.js","installations":"https://www.gstatic.com/firebasejs/8.2.4/firebase-installations.js","messaging":"https://www.gstatic.com/firebasejs/8.2.4/firebase-messaging.js","storage":"https://www.gstatic.com/firebasejs/8.2.4/firebase-storage.js","performance":"https://www.gstatic.com/firebasejs/8.2.4/firebase-performance.js","remote-config":"https://www.gstatic.com/firebasejs/8.2.4/firebase-remote-config.js","firestore.memory":"https://www.gstatic.com/firebasejs/8.2.4/firebase-firestore.memory.js"}}
[info] +  Wrote y/index.html 
[info] 
[info] i  Detected a .git folder at C:\Users\ASUS\just-buy-it 
[info] i  Authorizing with GitHub to upload your service account to a GitHub repository's secrets store. 
[info] 
[info] Visit this URL on this device to log in:
[info] https://github.com/login/oauth/authorize?client_id=89cf50f02ac6aaed3484&state=3568182&redirect_uri=http%3A%2F%2Flocalhost%3A9005&scope=read%3Auser%20repo%20public_repo
[info] 
[info] Waiting for authentication...
[debug] [2021-01-29T09:58:20.133Z] >>> HTTP REQUEST POST https://github.com/login/oauth/access_token  
 {"client_id":"89cf50f02ac6aaed3484","client_secret":"3330d14abc895d9a74d5f17cd7a00711fa2c5bf0","code":"d5f597b2ca44bf18991e","redirect_uri":"http://localhost:9005","state":"3568182"}
[debug] [2021-01-29T09:58:20.584Z] <<< HTTP RESPONSE 200 {"date":"Fri, 29 Jan 2021 09:58:20 GMT","content-type":"application/json; charset=utf-8","transfer-encoding":"chunked","server":"GitHub.com","status":"200 OK","vary":"X-PJAX, Accept-Encoding, Accept, X-Requested-With, Accept-Encoding","etag":"W/\"693908337b5c26f3b903cbc4feb32004\"","cache-control":"max-age=0, private, must-revalidate","strict-transport-security":"max-age=31536000; includeSubdomains; preload","x-frame-options":"deny","x-content-type-options":"nosniff","x-xss-protection":"1; mode=block","referrer-policy":"origin-when-cross-origin, strict-origin-when-cross-origin","expect-ct":"max-age=2592000, report-uri=\"https://api.github.com/_private/browser/errors\"","content-security-policy":"default-src 'none'; base-uri 'self'; block-all-mixed-content; connect-src 'self' uploads.github.com www.githubstatus.com collector.githubapp.com api.github.com github-cloud.s3.amazonaws.com github-production-repository-file-5c1aeb.s3.amazonaws.com github-production-upload-manifest-file-7fdce7.s3.amazonaws.com github-production-user-asset-6210df.s3.amazonaws.com cdn.optimizely.com logx.optimizely.com/v1/events wss://alive.github.com; font-src github.githubassets.com; form-action 'self' github.com gist.github.com; frame-ancestors 'none'; frame-src render.githubusercontent.com; img-src 'self' data: github.githubassets.com identicons.github.com collector.githubapp.com github-cloud.s3.amazonaws.com *.githubusercontent.com; manifest-src 'self'; media-src 'none'; script-src github.githubassets.com; style-src 'unsafe-inline' github.githubassets.com; worker-src github.com/socket-worker-5029ae85.js gist.github.com/socket-worker-5029ae85.js","x-github-request-id":"D295:0AB0:982B2:A95C8:6013DC3B"}
[debug] [2021-01-29T09:58:20.585Z] >>> [apiv2][query] GET https://api.github.com/user [none]
[debug] [2021-01-29T09:58:21.102Z] <<< [apiv2][status] GET https://api.github.com/user 200
[debug] [2021-01-29T09:58:21.102Z] <<< [apiv2][body] GET https://api.github.com/user {"login":"anh1901","id":67224153,"node_id":"MDQ6VXNlcjY3MjI0MTUz","avatar_url":"https://avatars.githubusercontent.com/u/67224153?v=4","gravatar_id":"","url":"https://api.github.com/users/anh1901","html_url":"https://github.com/anh1901","followers_url":"https://api.github.com/users/anh1901/followers","following_url":"https://api.github.com/users/anh1901/following{/other_user}","gists_url":"https://api.github.com/users/anh1901/gists{/gist_id}","starred_url":"https://api.github.com/users/anh1901/starred{/owner}{/repo}","subscriptions_url":"https://api.github.com/users/anh1901/subscriptions","organizations_url":"https://api.github.com/users/anh1901/orgs","repos_url":"https://api.github.com/users/anh1901/repos","events_url":"https://api.github.com/users/anh1901/events{/privacy}","received_events_url":"https://api.github.com/users/anh1901/received_events","type":"User","site_admin":false,"name":"AnhNguyenIT","company":null,"blog":"","location":null,"email":null,"hireable":true,"bio":"Introducing to you, my name is Nguyen Vu Tuan Anh. I am a Vietnamese student and currently studying in FPT University. My dream is create a AAA game.","twitter_username":null,"public_repos":7,"public_gists":0,"followers":0,"following":1,"created_at":"2020-06-21T10:04:28Z","updated_at":"2021-01-29T09:58:18Z","private_gists":0,"total_private_repos":2,"owned_private_repos":2,"disk_usage":23959,"collaborators":0,"two_factor_authentication":false,"plan":{"name":"free","space":976562499,"collaborators":0,"private_repos":10000}}
[info] 
[info] +  Success! Logged into GitHub as anh1901 
[info] 
